[    0.000000] Initializing cgroup subsys cpuset
[    0.000000] Initializing cgroup subsys cpu
[    0.000000] Initializing cgroup subsys cpuacct
[    0.000000] Linux version 4.4.0-145-generic (buildd@lcy01-amd64-027) (gcc version 5.4.0 20160609 (Ubuntu 5.4.0-6ubuntu1~16.04.10) ) #171-Ubuntu SMP Tue Mar 26 12:43:40 UTC 2019 (Ubuntu 4.4.0-145.171-generic 4.4.176)
[    0.000000] Command line: BOOT_IMAGE=/boot/vmlinuz-4.4.0-145-generic root=LABEL=cloudimg-rootfs ro console=tty1 console=ttyS0
[    0.000000] KERNEL supported cpus:
[    0.000000]   Intel GenuineIntel
[    0.000000]   AMD AuthenticAMD
[    0.000000]   Centaur CentaurHauls
[    0.000000] x86/fpu: xstate_offset[2]:  576, xstate_sizes[2]:  256
[    0.000000] x86/fpu: Supporting XSAVE feature 0x01: 'x87 floating point registers'
[    0.000000] x86/fpu: Supporting XSAVE feature 0x02: 'SSE registers'
[    0.000000] x86/fpu: Supporting XSAVE feature 0x04: 'AVX registers'
[    0.000000] x86/fpu: Enabled xstate features 0x7, context size is 832 bytes, using 'standard' format.
[    0.000000] e820: BIOS-provided physical RAM map:
[    0.000000] BIOS-e820: [mem 0x0000000000000000-0x000000000009fbff] usable
[    0.000000] BIOS-e820: [mem 0x000000000009fc00-0x000000000009ffff] reserved
[    0.000000] BIOS-e820: [mem 0x00000000000f0000-0x00000000000fffff] reserved
[    0.000000] BIOS-e820: [mem 0x0000000000100000-0x00000000dffeffff] usable
[    0.000000] BIOS-e820: [mem 0x00000000dfff0000-0x00000000dfffffff] ACPI data
[    0.000000] BIOS-e820: [mem 0x00000000fec00000-0x00000000fec00fff] reserved
[    0.000000] BIOS-e820: [mem 0x00000000fee00000-0x00000000fee00fff] reserved
[    0.000000] BIOS-e820: [mem 0x00000000fffc0000-0x00000000ffffffff] reserved
[    0.000000] BIOS-e820: [mem 0x0000000100000000-0x000000011fffffff] usable
[    0.000000] NX (Execute Disable) protection: active
[    0.000000] SMBIOS 2.5 present.
[    0.000000] Hypervisor detected: KVM
[    0.000000] e820: last_pfn = 0x120000 max_arch_pfn = 0x400000000
[    0.000000] MTRR: Disabled
[    0.000000] x86/PAT: MTRRs disabled, skipping PAT initialization too.
[    0.000000] CPU MTRRs all blank - virtualized system.
[    0.000000] x86/PAT: Configuration [0-7]: WB  WT  UC- UC  WB  WT  UC- UC  
[    0.000000] e820: last_pfn = 0xdfff0 max_arch_pfn = 0x400000000
[    0.000000] found SMP MP-table at [mem 0x0009fff0-0x0009ffff] mapped at [ffff88000009fff0]
[    0.000000] Scanning 1 areas for low memory corruption
[    0.000000] RAMDISK: [mem 0x362fc000-0x37175fff]
[    0.000000] ACPI: Early table checksum verification disabled
[    0.000000] ACPI: RSDP 0x00000000000E0000 000024 (v02 VBOX  )
[    0.000000] ACPI: XSDT 0x00000000DFFF0030 00003C (v01 VBOX   VBOXXSDT 00000001 ASL  00000061)
[    0.000000] ACPI: FACP 0x00000000DFFF00F0 0000F4 (v04 VBOX   VBOXFACP 00000001 ASL  00000061)
[    0.000000] ACPI: DSDT 0x00000000DFFF0470 0022EA (v02 VBOX   VBOXBIOS 00000002 INTL 20100528)
[    0.000000] ACPI: FACS 0x00000000DFFF0200 000040
[    0.000000] ACPI: FACS 0x00000000DFFF0200 000040
[    0.000000] ACPI: APIC 0x00000000DFFF0240 00005C (v02 VBOX   VBOXAPIC 00000001 ASL  00000061)
[    0.000000] ACPI: SSDT 0x00000000DFFF02A0 0001CC (v01 VBOX   VBOXCPUT 00000002 INTL 20100528)
[    0.000000] No NUMA configuration found
[    0.000000] Faking a node at [mem 0x0000000000000000-0x000000011fffffff]
[    0.000000] NODE_DATA(0) allocated [mem 0x11fff7000-0x11fffbfff]
[    0.000000] kvm-clock: Using msrs 4b564d01 and 4b564d00
[    0.000000] kvm-clock: cpu 0, msr 1:1ffef001, primary cpu clock
[    0.000000] kvm-clock: using sched offset of 3457622443 cycles
[    0.000000] clocksource: kvm-clock: mask: 0xffffffffffffffff max_cycles: 0x1cd42e4dffb, max_idle_ns: 881590591483 ns
[    0.000000] Zone ranges:
[    0.000000]   DMA      [mem 0x0000000000001000-0x0000000000ffffff]
[    0.000000]   DMA32    [mem 0x0000000001000000-0x00000000ffffffff]
[    0.000000]   Normal   [mem 0x0000000100000000-0x000000011fffffff]
[    0.000000]   Device   empty
[    0.000000] Movable zone start for each node
[    0.000000] Early memory node ranges
[    0.000000]   node   0: [mem 0x0000000000001000-0x000000000009efff]
[    0.000000]   node   0: [mem 0x0000000000100000-0x00000000dffeffff]
[    0.000000]   node   0: [mem 0x0000000100000000-0x000000011fffffff]
[    0.000000] Initmem setup node 0 [mem 0x0000000000001000-0x000000011fffffff]
[    0.000000] ACPI: PM-Timer IO Port: 0x4008
[    0.000000] IOAPIC[0]: apic_id 2, version 32, address 0xfec00000, GSI 0-23
[    0.000000] ACPI: INT_SRC_OVR (bus 0 bus_irq 0 global_irq 2 dfl dfl)
[    0.000000] ACPI: INT_SRC_OVR (bus 0 bus_irq 9 global_irq 9 low level)
[    0.000000] Using ACPI (MADT) for SMP configuration information
[    0.000000] smpboot: Allowing 2 CPUs, 0 hotplug CPUs
[    0.000000] PM: Registered nosave memory: [mem 0x00000000-0x00000fff]
[    0.000000] PM: Registered nosave memory: [mem 0x0009f000-0x0009ffff]
[    0.000000] PM: Registered nosave memory: [mem 0x000a0000-0x000effff]
[    0.000000] PM: Registered nosave memory: [mem 0x000f0000-0x000fffff]
[    0.000000] PM: Registered nosave memory: [mem 0xdfff0000-0xdfffffff]
[    0.000000] PM: Registered nosave memory: [mem 0xe0000000-0xfebfffff]
[    0.000000] PM: Registered nosave memory: [mem 0xfec00000-0xfec00fff]
[    0.000000] PM: Registered nosave memory: [mem 0xfec01000-0xfedfffff]
[    0.000000] PM: Registered nosave memory: [mem 0xfee00000-0xfee00fff]
[    0.000000] PM: Registered nosave memory: [mem 0xfee01000-0xfffbffff]
[    0.000000] PM: Registered nosave memory: [mem 0xfffc0000-0xffffffff]
[    0.000000] e820: [mem 0xe0000000-0xfebfffff] available for PCI devices
[    0.000000] Booting paravirtualized kernel on KVM
[    0.000000] clocksource: refined-jiffies: mask: 0xffffffff max_cycles: 0xffffffff, max_idle_ns: 7645519600211568 ns
[    0.000000] setup_percpu: NR_CPUS:512 nr_cpumask_bits:512 nr_cpu_ids:2 nr_node_ids:1
[    0.000000] PERCPU: Embedded 34 pages/cpu @ffff88011fc00000 s99480 r8192 d31592 u1048576
[    0.000000] Built 1 zonelists in Node order, mobility grouping on.  Total pages: 1032056
[    0.000000] Policy zone: Normal
[    0.000000] Kernel command line: BOOT_IMAGE=/boot/vmlinuz-4.4.0-145-generic root=LABEL=cloudimg-rootfs ro console=tty1 console=ttyS0
[    0.000000] PID hash table entries: 4096 (order: 3, 32768 bytes)
[    0.000000] Memory: 4028248K/4193848K available (8608K kernel code, 1333K rwdata, 4008K rodata, 1484K init, 1284K bss, 165600K reserved, 0K cma-reserved)
[    0.000000] SLUB: HWalign=64, Order=0-3, MinObjects=0, CPUs=2, Nodes=1
[    0.000000] Kernel/User page tables isolation: enabled
[    0.000000] Hierarchical RCU implementation.
[    0.000000] 	Build-time adjustment of leaf fanout to 64.
[    0.000000] 	RCU restricting CPUs from NR_CPUS=512 to nr_cpu_ids=2.
[    0.000000] RCU: Adjusting geometry for rcu_fanout_leaf=64, nr_cpu_ids=2
[    0.000000] NR_IRQS:33024 nr_irqs:440 16
[    0.000000] Console: colour VGA+ 80x25
[    0.000000] console [tty1] enabled
[    0.000000] console [ttyS0] enabled
[    0.000000] tsc: Detected 3092.840 MHz processor
[    0.217760] Calibrating delay loop (skipped) preset value.. 6185.68 BogoMIPS (lpj=12371360)
[    0.219617] pid_max: default: 32768 minimum: 301
[    0.220409] ACPI: Core revision 20150930
[    0.222164] ACPI: 2 ACPI AML tables successfully acquired and loaded
[    0.223772] Security Framework initialized
[    0.224540] Yama: becoming mindful.
[    0.225517] AppArmor: AppArmor initialized
[    0.227611] Dentry cache hash table entries: 524288 (order: 10, 4194304 bytes)
[    0.231413] Inode-cache hash table entries: 262144 (order: 9, 2097152 bytes)
[    0.232874] Mount-cache hash table entries: 8192 (order: 4, 65536 bytes)
[    0.234153] Mountpoint-cache hash table entries: 8192 (order: 4, 65536 bytes)
[    0.236515] Initializing cgroup subsys io
[    0.237273] Initializing cgroup subsys memory
[    0.238004] Initializing cgroup subsys devices
[    0.238785] Initializing cgroup subsys freezer
[    0.239531] Initializing cgroup subsys net_cls
[    0.240297] Initializing cgroup subsys perf_event
[    0.241097] Initializing cgroup subsys net_prio
[    0.242231] Initializing cgroup subsys hugetlb
[    0.243146] Initializing cgroup subsys pids
[    0.244997] mce: CPU supports 0 MCE banks
[    0.245745] Last level iTLB entries: 4KB 1024, 2MB 1024, 4MB 1024
[    0.246712] Last level dTLB entries: 4KB 1024, 2MB 1024, 4MB 1024, 1GB 4
[    0.247755] Spectre V2 : Mitigation: Full generic retpoline
[    0.248643] Spectre V2 : Spectre v2 / SpectreRSB mitigation: Filling RSB on context switch
[    0.250022] Speculative Store Bypass: Vulnerable
[    0.253952] Freeing SMP alternatives memory: 36K
[    0.260487] ftrace: allocating 32283 entries in 127 pages
[    0.318316] smpboot: APIC(0) Converting physical 0 to logical package 0
[    0.319380] smpboot: Max logical packages: 1
[    0.320343] x2apic enabled
[    0.321147] Switched APIC routing to physical x2apic.
[    0.323008] ..TIMER: vector=0x30 apic1=0 pin1=2 apic2=-1 pin2=-1
[    0.428858] smpboot: CPU0: Intel(R) Core(TM) i5-4440 CPU @ 3.10GHz (family: 0x6, model: 0x3c, stepping: 0x3)
[    0.431214] Performance Events: unsupported p6 CPU model 60 no PMU driver, software events only.
[    0.445197] KVM setup paravirtual spinlock
[    0.447177] x86: Booting SMP configuration:
[    0.447929] .... node  #0, CPUs:      #1
[    0.448709] kvm-clock: cpu 1, msr 1:1ffef041, secondary cpu clock
[    0.450363] mce: CPU supports 0 MCE banks
[    0.452773] x86: Booted up 1 node, 2 CPUs
[    0.454141] smpboot: Total of 2 processors activated (12371.36 BogoMIPS)
[    0.455569] devtmpfs: initialized
[    0.457821] evm: security.selinux
[    0.458549] evm: security.SMACK64
[    0.459225] evm: security.SMACK64EXEC
[    0.460104] evm: security.SMACK64TRANSMUTE
[    0.461177] evm: security.SMACK64MMAP
[    0.461908] evm: security.ima
[    0.462663] evm: security.capability
[    0.463620] clocksource: jiffies: mask: 0xffffffff max_cycles: 0xffffffff, max_idle_ns: 7645041785100000 ns
[    0.465475] futex hash table entries: 512 (order: 3, 32768 bytes)
[    0.466737] pinctrl core: initialized pinctrl subsystem
[    0.467696] RTC time: 21:50:09, date: 05/01/19
[    0.468939] NET: Registered protocol family 16
[    0.485919] cpuidle: using governor ladder
[    0.497363] cpuidle: using governor menu
[    0.498094] PCCT header not found.
[    0.498939] ACPI: bus type PCI registered
[    0.499661] acpiphp: ACPI Hot Plug PCI Controller Driver version: 0.5
[    0.501024] PCI: Using configuration type 1 for base access
[    0.518567] ACPI: Added _OSI(Module Device)
[    0.519345] ACPI: Added _OSI(Processor Device)
[    0.520086] ACPI: Added _OSI(3.0 _SCP Extensions)
[    0.520891] ACPI: Added _OSI(Processor Aggregator Device)
[    0.522416] ACPI: Executed 1 blocks of module-level executable AML code
[    0.526427] ACPI: Interpreter enabled
[    0.527186] ACPI: (supports S0 S5)
[    0.528027] ACPI: Using IOAPIC for interrupt routing
[    0.529374] PCI: Using host bridge windows from ACPI; if necessary, use "pci=nocrs" and report a bug
[    0.534941] ACPI: PCI Root Bridge [PCI0] (domain 0000 [bus 00-ff])
[    0.535924] acpi PNP0A03:00: _OSC: OS supports [ASPM ClockPM Segments MSI]
[    0.537222] acpi PNP0A03:00: _OSC: not requesting OS control; OS requires [ExtendedConfig ASPM ClockPM MSI]
[    0.539004] acpi PNP0A03:00: fail to add MMCONFIG information, can't access extended PCI configuration space under this bridge.
[    0.541121] PCI host bridge to bus 0000:00
[    0.542044] pci_bus 0000:00: root bus resource [io  0x0000-0x0cf7 window]
[    0.543068] pci_bus 0000:00: root bus resource [io  0x0d00-0xffff window]
[    0.544416] pci_bus 0000:00: root bus resource [mem 0x000a0000-0x000bffff window]
[    0.555525] pci_bus 0000:00: root bus resource [mem 0xe0000000-0xfdffffff window]
[    0.556917] pci_bus 0000:00: root bus resource [bus 00-ff]
[    0.559382] pci 0000:00:01.1: legacy IDE quirk: reg 0x10: [io  0x01f0-0x01f7]
[    0.560766] pci 0000:00:01.1: legacy IDE quirk: reg 0x14: [io  0x03f6]
[    0.562211] pci 0000:00:01.1: legacy IDE quirk: reg 0x18: [io  0x0170-0x0177]
[    0.563342] pci 0000:00:01.1: legacy IDE quirk: reg 0x1c: [io  0x0376]
[    0.615354] pci 0000:00:07.0: quirk: [io  0x4000-0x403f] claimed by PIIX4 ACPI
[    0.616943] pci 0000:00:07.0: quirk: [io  0x4100-0x410f] claimed by PIIX4 SMB
[    0.635267] ACPI: PCI Interrupt Link [LNKA] (IRQs 5 9 10 *11)
[    0.637107] ACPI: PCI Interrupt Link [LNKB] (IRQs 5 9 *10 11)
[    0.638701] ACPI: PCI Interrupt Link [LNKC] (IRQs 5 *9 10 11)
[    0.640354] ACPI: PCI Interrupt Link [LNKD] (IRQs 5 9 10 *11)
[    0.641697] ACPI: Enabled 2 GPEs in block 00 to 07
[    0.643026] vgaarb: setting as boot device: PCI:0000:00:02.0
[    0.644376] vgaarb: device added: PCI:0000:00:02.0,decodes=io+mem,owns=io+mem,locks=none
[    0.645803] vgaarb: loaded
[    0.646359] vgaarb: bridge control possible 0000:00:02.0
[    0.647444] SCSI subsystem initialized
[    0.648241] ACPI: bus type USB registered
[    0.648982] usbcore: registered new interface driver usbfs
[    0.649866] usbcore: registered new interface driver hub
[    0.650715] usbcore: registered new device driver usb
[    0.652014] PCI: Using ACPI for IRQ routing
[    0.652992] NetLabel: Initializing
[    0.654004] NetLabel:  domain hash size = 128
[    0.654744] NetLabel:  protocols = UNLABELED CIPSOv4
[    0.655604] NetLabel:  unlabeled traffic allowed by default
[    0.656664] amd_nb: Cannot enumerate AMD northbridges
[    0.658578] clocksource: Switched to clocksource kvm-clock
[    0.667093] AppArmor: AppArmor Filesystem Enabled
[    0.668136] pnp: PnP ACPI init
[    0.669623] pnp: PnP ACPI: found 3 devices
[    0.680092] clocksource: acpi_pm: mask: 0xffffff max_cycles: 0xffffff, max_idle_ns: 2085701024 ns
[    0.681988] NET: Registered protocol family 2
[    0.683205] TCP established hash table entries: 32768 (order: 6, 262144 bytes)
[    0.685113] TCP bind hash table entries: 32768 (order: 7, 524288 bytes)
[    0.687540] TCP: Hash tables configured (established 32768 bind 32768)
[    0.688826] UDP hash table entries: 2048 (order: 4, 65536 bytes)
[    0.690144] UDP-Lite hash table entries: 2048 (order: 4, 65536 bytes)
[    0.691621] NET: Registered protocol family 1
[    0.692603] pci 0000:00:00.0: Limiting direct PCI/PCI transfers
[    0.694171] pci 0000:00:01.0: Activating ISA DMA hang workarounds
[    0.695561] Unpacking initramfs...
[    0.918061] Freeing initrd memory: 14824K
[    0.918847] PCI-DMA: Using software bounce buffering for IO (SWIOTLB)
[    0.919818] software IO TLB: mapped [mem 0xdbff0000-0xdfff0000] (64MB)
[    0.920903] RAPL PMU detected, API unit is 2^-32 Joules, 4 fixed counters 10737418240 ms ovfl timer
[    0.922403] hw unit of domain pp0-core 2^-0 Joules
[    0.923219] hw unit of domain package 2^-0 Joules
[    0.924220] hw unit of domain dram 2^-0 Joules
[    0.924976] hw unit of domain pp1-gpu 2^-0 Joules
[    0.925852] platform rtc_cmos: registered platform RTC device (no PNP device found)
[    0.927446] Scanning for low memory corruption every 60 seconds
[    0.928927] audit: initializing netlink subsys (disabled)
[    0.929843] audit: type=2000 audit(1556747415.091:1): initialized
[    0.931173] Initialise system trusted keyring
[    0.932180] HugeTLB registered 2 MB page size, pre-allocated 0 pages
[    0.934401] zbud: loaded
[    0.935226] VFS: Disk quotas dquot_6.6.0
[    0.935989] VFS: Dquot-cache hash table entries: 512 (order 0, 4096 bytes)
[    0.937307] squashfs: version 4.0 (2009/01/31) Phillip Lougher
[    0.938515] fuse init (API version 7.23)
[    0.939381] Key type big_key registered
[    0.940063] Allocating IMA MOK and blacklist keyrings.
[    0.941937] Key type asymmetric registered
[    0.942711] Asymmetric key parser 'x509' registered
[    0.944068] Block layer SCSI generic (bsg) driver version 0.4 loaded (major 249)
[    0.945534] io scheduler noop registered
[    0.946355] io scheduler deadline registered (default)
[    0.947196] io scheduler cfq registered
[    0.947993] pci_hotplug: PCI Hot Plug PCI Core version: 0.5
[    0.948881] pciehp: PCI Express Hot Plug Controller Driver version: 0.4
[    0.949992] ACPI: AC Adapter [AC] (on-line)
[    0.950782] input: Power Button as /devices/LNXSYSTM:00/LNXPWRBN:00/input/input0
[    0.952048] ACPI: Power Button [PWRF]
[    0.952754] input: Sleep Button as /devices/LNXSYSTM:00/LNXSLPBN:00/input/input1
[    0.954350] ACPI: Sleep Button [SLPF]
[    0.955232] GHES: HEST is not enabled!
[    0.956052] Serial: 8250/16550 driver, 32 ports, IRQ sharing enabled
[    0.977546] 00:02: ttyS0 at I/O 0x3f8 (irq = 4, base_baud = 115200) is a 16550A
[    0.980271] Linux agpgart interface v0.103
[    0.983275] loop: module loaded
[    0.984688] scsi host0: ata_piix
[    0.985593] scsi host1: ata_piix
[    0.986248] ata1: PATA max UDMA/33 cmd 0x1f0 ctl 0x3f6 bmdma 0xd000 irq 14
[    0.987285] ata2: PATA max UDMA/33 cmd 0x170 ctl 0x376 bmdma 0xd008 irq 15
[    0.988485] libphy: Fixed MDIO Bus: probed
[    0.989284] tun: Universal TUN/TAP device driver, 1.6
[    0.990126] tun: (C) 1999-2004 Max Krasnyansky <maxk@qualcomm.com>
[    0.991149] PPP generic driver version 2.4.2
[    0.992069] ehci_hcd: USB 2.0 'Enhanced' Host Controller (EHCI) Driver
[    0.993177] ehci-pci: EHCI PCI platform driver
[    0.994634] ehci-platform: EHCI generic platform driver
[    0.995540] ohci_hcd: USB 1.1 'Open' Host Controller (OHCI) Driver
[    0.996511] ohci-pci: OHCI PCI platform driver
[    0.997300] ohci-platform: OHCI generic platform driver
[    0.998183] uhci_hcd: USB Universal Host Controller Interface driver
[    0.999242] i8042: PNP: PS/2 Controller [PNP0303:PS2K,PNP0f03:PS2M] at 0x60,0x64 irq 1,12
[    1.001230] serio: i8042 KBD port at 0x60,0x64 irq 1
[    1.002187] serio: i8042 AUX port at 0x60,0x64 irq 12
[    1.003167] mousedev: PS/2 mouse device common for all mice
[    1.004769] rtc_cmos rtc_cmos: rtc core: registered rtc_cmos as rtc0
[    1.005933] rtc_cmos rtc_cmos: alarms up to one day, 114 bytes nvram
[    1.006969] input: AT Translated Set 2 keyboard as /devices/platform/i8042/serio0/input/input2
[    1.008464] i2c /dev entries driver
[    1.009201] device-mapper: uevent: version 1.0.3
[    1.010057] device-mapper: ioctl: 4.34.0-ioctl (2015-10-28) initialised: dm-devel@redhat.com
[    1.011752] ledtrig-cpu: registered to indicate activity on CPUs
[    1.013302] NET: Registered protocol family 10
[    1.014507] NET: Registered protocol family 17
[    1.015261] Key type dns_resolver registered
[    1.016235] registered taskstats version 1
[    1.017015] Loading compiled-in X.509 certificates
[    1.018440] Loaded X.509 cert 'Build time autogenerated kernel key: 766cb56454e39ea623681e1efb4bf4db48a2396c'
[    1.020063] zswap: loaded using pool lzo/zbud
[    1.022715] Key type trusted registered
[    1.026316] Key type encrypted registered
[    1.027078] AppArmor: AppArmor sha1 policy hashing enabled
[    1.028057] ima: No TPM chip found, activating TPM-bypass!
[    1.028973] ima: Allocated hash algorithm: sha1
[    1.029744] evm: HMAC attrs: 0x1
[    1.031107]   Magic number: 3:85:853
[    1.031778]   hash matches /build/linux-6VmqmP/linux-4.4.0/drivers/base/power/main.c:1168
[    1.033453] rtc_cmos rtc_cmos: setting system clock to 2019-05-01 21:50:10 UTC (1556747410)
[    1.035302] BIOS EDD facility v0.16 2004-Jun-25, 0 devices found
[    1.036226] EDD information not available.
[    1.148909] Freeing unused kernel memory: 1484K
[    1.152400] Write protecting the kernel read-only data: 14336k
[    1.158054] Freeing unused kernel memory: 1620K
[    1.162048] Freeing unused kernel memory: 88K
Loading, please wait...
starting version 229
[    1.209263] random: systemd-udevd: uninitialized urandom read (16 bytes read, 2 bits of entropy available)
[    1.211661] random: udevadm: uninitialized urandom read (16 bytes read, 2 bits of entropy available)
[    1.211716] random: udevadm: uninitialized urandom read (16 bytes read, 2 bits of entropy available)
[    1.223811] random: systemd-udevd: uninitialized urandom read (16 bytes read, 2 bits of entropy available)
[    1.226591] random: systemd-udevd: uninitialized urandom read (16 bytes read, 2 bits of entropy available)
[    1.228953] random: udevadm: uninitialized urandom read (16 bytes read, 2 bits of entropy available)
[    1.229019] random: udevadm: uninitialized urandom read (16 bytes read, 2 bits of entropy available)
[    1.229196] random: udevadm: uninitialized urandom read (16 bytes read, 2 bits of entropy available)
[    1.229267] random: udevadm: uninitialized urandom read (16 bytes read, 2 bits of entropy available)
[    1.229331] random: udevadm: uninitialized urandom read (16 bytes read, 2 bits of entropy available)
[    1.274549] e1000: Intel(R) PRO/1000 Network Driver - version 7.3.21-k8-NAPI
[    1.276022] e1000: Copyright (c) 1999-2006 Intel Corporation.
[    1.280840] Fusion MPT base driver 3.04.20
[    1.281744] Copyright (c) 1999-2008 LSI Corporation
[    1.306774] Fusion MPT SPI Host driver 3.04.20
[    1.320812] AVX2 version of gcm_enc/dec engaged.
[    1.321907] AES CTR mode by8 optimization enabled
[    1.495211] input: ImExPS/2 Generic Explorer Mouse as /devices/platform/i8042/serio1/input/input4
[    1.651185] e1000 0000:00:03.0 eth0: (PCI:33MHz:32-bit) 02:80:71:3d:7c:90
[    1.652488] e1000 0000:00:03.0 eth0: Intel(R) PRO/1000 Network Connection
[    1.654745] mptbase: ioc0: Initiating bringup
[    1.654898] e1000 0000:00:03.0 enp0s3: renamed from eth0
[    1.927621] tsc: Refined TSC clocksource calibration: 3101.191 MHz
[    1.930940] clocksource: tsc: mask: 0xffffffffffffffff max_cycles: 0x2cb3ace6b7d, max_idle_ns: 440795362131 ns
[    2.154331] ioc0: LSI53C1030 A0: Capabilities={Initiator}
[    2.586358] scsi host2: ioc0: LSI53C1030 A0, FwRev=00000000h, Ports=1, MaxQ=256, IRQ=20
[    2.725914] scsi 2:0:0:0: Direct-Access     VBOX     HARDDISK         1.0  PQ: 0 ANSI: 5
[    2.727741] scsi target2:0:0: Beginning Domain Validation
[    2.730481] scsi target2:0:0: Domain Validation skipping write tests
[    2.732282] scsi target2:0:0: Ending Domain Validation
[    2.733883] scsi target2:0:0: asynchronous
[    2.735654] scsi 2:0:1:0: Direct-Access     VBOX     HARDDISK         1.0  PQ: 0 ANSI: 5
[    2.737445] scsi target2:0:1: Beginning Domain Validation
[    2.739695] scsi target2:0:1: Domain Validation skipping write tests
[    2.740764] scsi target2:0:1: Ending Domain Validation
[    2.742898] scsi target2:0:1: asynchronous
[    2.750651] sd 2:0:0:0: Attached scsi generic sg0 type 0
[    2.752119] sd 2:0:0:0: [sda] 20971520 512-byte logical blocks: (10.7 GB/10.0 GiB)
[    2.752360] sd 2:0:1:0: [sdb] 20480 512-byte logical blocks: (10.5 MB/10.0 MiB)
[    2.752380] sd 2:0:1:0: Attached scsi generic sg1 type 0
[    2.752627] sd 2:0:1:0: [sdb] Write Protect is off
[    2.752730] sd 2:0:1:0: [sdb] Incomplete mode parameter data
[    2.752731] sd 2:0:1:0: [sdb] Assuming drive cache: write through
[    2.754791] sd 2:0:1:0: [sdb] Attached SCSI disk
[    2.762172] sd 2:0:0:0: [sda] Write Protect is off
[    2.763277] sd 2:0:0:0: [sda] Incomplete mode parameter data
[    2.764442] sd 2:0:0:0: [sda] Assuming drive cache: write through
[    2.768019]  sda: sda1
[    2.769422] sd 2:0:0:0: [sda] Attached SCSI disk
Begin: Loading essential drivers ... [    4.112213] md: linear personality registered for level -1
[    4.115420] md: multipath personality registered for level -4
[    4.119572] md: raid0 personality registered for level 0
[    4.124702] md: raid1 personality registered for level 1
[    4.194606] raid6: sse2x1   gen()  9079 MB/s
[    4.263281] raid6: sse2x1   xor()  7168 MB/s
[    4.331271] raid6: sse2x2   gen() 11678 MB/s
[    4.399279] raid6: sse2x2   xor()  7666 MB/s
[    4.466793] raid6: sse2x4   gen() 13060 MB/s
[    4.534852] raid6: sse2x4   xor()  9377 MB/s
[    4.602879] raid6: avx2x1   gen() 17491 MB/s
[    4.671338] raid6: avx2x2   gen() 20725 MB/s
[    4.738837] raid6: avx2x4   gen() 24024 MB/s
[    4.739742] raid6: using algorithm avx2x4 gen() 24024 MB/s
[    4.740894] raid6: using avx2x2 recovery algorithm
[    4.743464] xor: automatically using best checksumming function:
[    4.782862]    avx       : 26693.000 MB/sec
[    4.785502] async_tx: api initialized (async)
[    4.796645] md: raid6 personality registered for level 6
[    4.797719] md: raid5 personality registered for level 5
[    4.799368] md: raid4 personality registered for level 4
[    4.807363] md: raid10 personality registered for level 10
done.
Begin: Running /scripts/init-premount ... done.
Begin: Mounting root file system ... Begin: Running /scripts/local-top ... done.
Begin: Running /scripts/local-premount ... [    4.838159] Btrfs loaded
Scanning for Btrfs filesystems
done.
Warning: fsck not present, so skipping root file system
[    4.865404] EXT4-fs (sda1): mounted filesystem with ordered data mode. Opts: (null)
done.
Begin: Running /scripts/local-bottom ... done.
Begin: Running /scripts/init-bottom ... done.
[    4.957392] systemd[1]: systemd 229 running in system mode. (+PAM +AUDIT +SELINUX +IMA +APPARMOR +SMACK +SYSVINIT +UTMP +LIBCRYPTSETUP +GCRYPT +GNUTLS +ACL +XZ -LZ4 +SECCOMP +BLKID +ELFUTILS +KMOD -IDN)
[    4.960244] systemd[1]: Detected virtualization oracle.
[    4.961291] systemd[1]: Detected architecture x86-64.

Welcome to [1mUbuntu 16.04.6 LTS[0m!

[    4.965118] systemd[1]: Set hostname to <ansible>.
[    5.084281] systemd[1]: Created slice User and Session Slice.
[[0;32m  OK  [0m] Created slice User and Session Slice.
[    5.086067] systemd[1]: Listening on Journal Socket (/dev/log).
[[0;32m  OK  [0m] Listening on Journal Socket (/dev/log).
[    5.087821] systemd[1]: Reached target Swap.
[[0;32m  OK  [0m] Reached target Swap.
[    5.089268] systemd[1]: Reached target System Time Synchronized.
[[0;32m  OK  [0m] Reached target System Time Synchronized.
[    5.091551] systemd[1]: Listening on Device-mapper event daemon FIFOs.
[[0;32m  OK  [0m] Listening on Device-mapper event daemon FIFOs.
[    5.094112] systemd[1]: Reached target Encrypted Volumes.
[[0;32m  OK  [0m] Reached target Encrypted Volumes.
[    5.096233] systemd[1]: Started Forward Password Requests to Wall Directory Watch.
[[0;32m  OK  [0m] Started Forward Password Requests to Wall Directory Watch.
[    5.098582] systemd[1]: Started Trigger resolvconf update for networkd DNS.
[[0;32m  OK  [0m] Started Trigger resolvconf update for networkd DNS.
[    5.100829] systemd[1]: Listening on Journal Audit Socket.
[[0;32m  OK  [0m] Listening on Journal Audit Socket.
[    5.102794] systemd[1]: Listening on LVM2 poll daemon socket.
[[0;32m  OK  [0m] Listening on LVM2 poll daemon socket.
[    5.105614] systemd[1]: Created slice System Slice.
[[0;32m  OK  [0m] Created slice System Slice.
[    5.107587] systemd[1]: Created slice system-serial\x2dgetty.slice.
[[0;32m  OK  [0m] Created slice system-serial\x2dgetty.slice.
[    5.109565] systemd[1]: Listening on udev Control Socket.
[[0;32m  OK  [0m] Listening on udev Control Socket.
[    5.111489] systemd[1]: Listening on udev Kernel Socket.
[[0;32m  OK  [0m] Listening on udev Kernel Socket.
[    5.113230] systemd[1]: Listening on Journal Socket.
[[0;32m  OK  [0m] Listening on Journal Socket.
[    5.127090] systemd[1]: Mounting POSIX Message Queue File System...
         Mounting POSIX Message Queue File System...
[    5.138254] systemd[1]: Starting Load Kernel Modules...
         Starting Load Kernel Modules...
[    5.146814] systemd[1]: Starting Nameserver information manager...
         Starting Nameserver information manager...
[    5.149842] systemd[1]: Starting Remount Root and Kernel File Systems...
         Starting Remount Root and Kernel File Systems...
[    5.152314] Loading iSCSI transport class v2.0-870.
[    5.153539] systemd[1]: Listening on Syslog Socket.
[[0;32m  OK  [0m] Listening on Syslog Socket.
[    5.157599] systemd[1]: Starting Journal Service...
         Starting Journal Service...
[    5.159639] systemd[1]: Reached target User and Group Name Lookups.
[    5.160662] EXT4-fs (sda1): re-mounted. Opts: (null)
[[0;32m  OK  [0m] Reached target User and Group Name Lookups.
[    5.163551] systemd[1]: Reached target Slices.
[[0;32m  OK  [0m] Reached target Slices.
[    5.167080] systemd[1]: Mounting Debug File System...
         Mounting Debug File System...
[    5.171199] systemd[1]: Starting Set console keymap...
         Starting Set console keymap...
[    5.174215] systemd[1]: Starting Create list of required static device nodes for the current kernel...
[    5.174317] iscsi: registered transport (tcp)
         Starting Create list of required st... nodes for the current kernel...
[    5.178948] systemd[1]: Listening on LVM2 metadata daemon socket.
[[0;32m  OK  [0m] Listening on LVM2 metadata daemon socket.
[    5.188687] systemd[1]: Starting Monitoring of LVM2 mirrors, snapshots etc. using dmeventd or progress polling...
         Starting Monitoring of LVM2 mirrors... dmeventd or progress polling...
[    5.194139] systemd[1]: Listening on /dev/initctl Compatibility Named Pipe.
[[0;32m  OK  [0m] Listening on /dev/initctl Compatibility Named Pipe.
[    5.198216] systemd[1]: Starting Uncomplicated firewall...
         Starting Uncomplicated firewall...
[    5.203127] systemd[1]: Set up automount Arbitrary Executable File Formats File System Automount Point.
[[0;32m  OK  [0m] Set up automount Arbitrary Executab...ats File System Automount Point.
[    5.218694] systemd[1]: Mounting Huge Pages File System...
         Mounting Huge Pages File System...
[    5.221532] systemd[1]: Mounted POSIX Message Queue File System.
[[0;32m  OK  [0m] Mounted POSIX Message Queue File System.
[    5.223402] systemd[1]: Mounted Debug File System.
[[0;32m  OK  [0m] Mounted Debug File System.
[    5.224986] systemd[1]: Mounted Huge Pages File System.
[[0;32m  OK  [0m] Mounted Huge Pages File System.
[    5.226484] systemd[1]: Started Journal Service.
[[0;32m  OK  [0m] Started Journal Service.
[[0;32m  OK  [0m] Started Remount Root and Kernel File Systems.
[[0;32m  OK  [0m] Started Create list of required sta...ce nodes for the current kernel.
[[0;32m  OK  [0m] Started Uncomplicated firewall.
[[0;32m  OK  [0m] Started Nameserver information manager.
[[0;32m  OK  [0m] Started Set console keymap.
[    5.249389] iscsi: registered transport (iser)
[[0;32m  OK  [0m] Started Load Kernel Modules.
         Mounting FUSE Control File System...
         Starting Apply Kernel Variables...
[[0;32m  OK  [0m] Started LVM2 metadata daemon.
         Starting Create Static Device Nodes in /dev...
         Starting udev Coldplug all Devices...
         Starting Load/Save Random Seed...
         Starting Flush Journal to Persistent Storage...
[[0;32m  OK  [0m] Mounted FUSE Control File System.
[[0;32m  OK  [0m] Started Load/Save Random Seed.
[[0;32m  OK  [0m] Started Apply Kernel Variables.
[[0;32m  OK  [0m] Started Create Static Device Nodes in /dev.
[[0;32m  OK  [0m] Started Flush Journal to Persistent Storage.
         Starting udev Kernel Device Manager...
[[0;32m  OK  [0m] Started udev Coldplug all Devices.
[[0;32m  OK  [0m] Started udev Kernel Device Manager.
[[0;32m  OK  [0m] Started Dispatch Password Requests to Console Directory Watch.
[[0;32m  OK  [0m] Found device /dev/ttyS0.
[[0;32m  OK  [0m] Started Monitoring of LVM2 mirrors,...ng dmeventd or progress polling.
[[0;32m  OK  [0m] Reached target Local File Systems (Pre).
[[0;32m  OK  [0m] Reached target Local File Systems.
         Starting Tell Plymouth To Write Out Runtime Data...
         Starting Initial cloud-init job (pre-networking)...
         Starting LSB: AppArmor initialization...
         Starting Set console font and keymap...
         Starting Create Volatile Files and Directories...
[[0;32m  OK  [0m] Started Tell Plymouth To Write Out Runtime Data.
[[0;32m  OK  [0m] Started Create Volatile Files and Directories.
         Starting Update UTMP about System Boot/Shutdown...
[[0;32m  OK  [0m] Listening on Load/Save RF Kill Switch Status /dev/rfkill Watch.
[[0;32m  OK  [0m] Started LSB: AppArmor initialization.
[[0;32m  OK  [0m] Started Update UTMP about System Boot/Shutdown.
[[0;32m  OK  [0m] Found device 82540EM Gigabit Ethern...r (PRO/1000 MT Desktop Adapter).
[    6.038774] cloud-init[511]: Cloud-init v. 18.5-45-g3554ffe8-0ubuntu1~16.04.1 running 'init-local' at Wed, 01 May 2019 21:50:15 +0000. Up 5.78 seconds.
[[0;32m  OK  [0m] Started Initial cloud-init job (pre-networking).
[[0;32m  OK  [0m] Reached target Network (Pre).
[[0;32m  OK  [0m] Started ifup for enp0s3.
         Starting Raise network interfaces...
[[0;32m  OK  [0m] Started Set console font and keymap.
[[0;32m  OK  [0m] Created slice system-getty.slice.
[[0;32m  OK  [0m] Started Raise network interfaces.
[[0;32m  OK  [0m] Reached target Network.
         Starting Initial cloud-init job (metadata service crawler)...
[    6.804524] cloud-init[972]: Cloud-init v. 18.5-45-g3554ffe8-0ubuntu1~16.04.1 running 'init' at Wed, 01 May 2019 21:50:16 +0000. Up 6.56 seconds.
[    6.805903] cloud-init[972]: ci-info: ++++++++++++++++++++++++++++++++++++++Net device info++++++++++++++++++++++++++++++++++++++
[    6.812923] cloud-init[972]: ci-info: +--------+------+----------------------------+---------------+--------+-------------------+
[    6.820373] cloud-init[972]: ci-info: | Device |  Up  |          Address           |      Mask     | Scope  |     Hw-Address    |
[    6.828746] cloud-init[972]: ci-info: +--------+------+----------------------------+---------------+--------+-------------------+
[    6.829863] cloud-init[972]: ci-info: | enp0s3 | True |         10.0.2.15          | 255.255.255.0 | global | 02:80:71:3d:7c:90 |
[    6.830793] cloud-init[972]: ci-info: | enp0s3 | True | fe80::80:71ff:fe3d:7c90/64 |       .       |  link  | 02:80:71:3d:7c:90 |
[    6.831911] cloud-init[972]: ci-info: |   lo   | True |         127.0.0.1          |   255.0.0.0   |  host  |         .         |
[    6.840892] cloud-init[972]: ci-info: |   lo   | True |          ::1/128           |       .       |  host  |         .         |
[    6.842089] cloud-init[972]: ci-info: +--------+------+----------------------------+---------------+--------+-------------------+
[    6.844267] cloud-init[972]: ci-info: +++++++++++++++++++++++++++Route IPv4 info++++++++++++++++++++++++++++
[    6.845429] cloud-init[972]: ci-info: +-------+-------------+----------+---------------+-----------+-------+
[    6.852339] cloud-init[972]: ci-info: | Route | Destination | Gateway  |    Genmask    | Interface | Flags |
[    6.853284] cloud-init[972]: ci-info: +-------+-------------+----------+---------------+-----------+-------+
[    6.860747] [[0;32m  OK  [0m] Started Initial cloud-init job (metadata service crawler).
cloud-init[972]: ci-info: |   0   |   0.0.0.0   | 10.0.2.2 |    0.0.0.0    |   enp0s3  |   UG  |
[[0;32m  OK  [0m] Reached target System Initialization.
[[0;32m  OK  [0m] Listening on D-Bus System Message Bus Socket.
[    6.863344] [[0;32m  OK  [0m] Listening on ACPID Listen Socket.
cloud-init         Starting Socket activation for snappy daemon.
[972]: ci-info: |   1   |   10.0.2.0  | 0.0.0.0  | 255.255.255.0 |   enp0s3  |   U   |         
Starting Docker Socket for the API.
[    6.865440] cloud-init[972]: ci-info: +-------+-------------+----------+---------------+-----------+-------+
[    6.866906] cloud-init[972]: ci-info: +++++++++++++++++++Route IPv6 info+++++++++++++++++++
[[0;32m  OK  [0m] Started Daily apt download activities.
[[0;32m  OK  [0m] Started Daily apt upgrade and clean activities.
[    6.868410] cloud-init[972]: ci-info: +-------+-------------+---------+-----------+-------+[[0;32m  OK  [0m] Started ACPI Events Check.
[[0;32m  OK  [0m] Reached target Paths.
[[0;32m  OK  [0m] Listening on UUID daemon activation socket.
[[0;32m  OK  [0m] Started Daily Cleanup of Temporary Directories.
[[0;32m  OK  [0m] Reached target Timers.
         Starting LXD - unix socket.
[[0;32m  OK  [0m] Reached target Cloud-config availability.
[
[0;32m  OK  [0m] Reached target Network is Online.
[    6.872687] cloud-init[972]: ci-info: | Route | Destination | Gateway | Interface | Flags |
[    6.873727] cloud-init[972]: ci-info: +-------+-------------+---------+-----------+-------+
[    6.874775] cloud-init[972]: ci-info: |   0   |  fe80::/64  |    ::   |   enp0s3  |   U   |
[    6.876011] cloud-init[972]: ci-info: |   3   |   ff00::/8  |    ::   |   enp0s3  |   U   |
[    6.877525] cloud-init[972]: ci-info: +-------+-------------+---------+-----------+-------+
         Starting iSCSI initiator daemon (iscsid)...
[[0;32m  OK  [0m] Listening on Socket activation for snappy daemon.
[[0;32m  OK  [0m] Listening on Docker Socket for the API.
[[0;32m  OK  [0m] Listening on LXD - unix socket.
[[0;32m  OK  [0m] Reached target Sockets.
[[0;32m  OK  [0m] Reached target Basic System.
         Starting LSB: MD monitoring daemon...
[[0;32m  OK  [0m] Started ACPI event daemon.
         Starting containerd container runtime...
[[0;32m  OK  [0m] Started FUSE filesystem for LXC.
         Starting OpenBSD Secure Shell server...
         Starting Accounts Service...
         Starting System Logging Service...
         Starting Virtualbox guest utils...
         Starting Login Service...
         Starting /etc/rc.local Compatibility...
[[0;32m  OK  [0m] Started Deferred execution scheduler.
         Starting LSB: Record successful boot for GRUB...
[[0;32m  OK  [0m] Started D-Bus System Message Bus.
[[0;32m  OK  [0m] Started Unattended Upgrades Shutdown.
         Starting LXD - container startup/shutdown...
[[0;32m  OK  [0m] Started Regular background program processing daemon.
         Starting Snappy daemon...
[[0;32m  OK  [0m] Started System Logging Service.
[[0;32m  OK  [0m] Started containerd container runtime.
[[0;32m  OK  [0m] Started /etc/rc.local Compatibility.
[[0;32m  OK  [0m] Started OpenBSD Secure Shell server.
[[0;32m  OK  [0m] Started iSCSI initiator daemon (iscsid).
[[0;32m  OK  [0m] Started LSB: MD monitoring daemon.
[[0;32m  OK  [0m] Started LSB: Record successful boot for GRUB.
[[0;32m  OK  [0m] Started Login Service.
         Starting Authenticate and Authorize Users to Run Privileged Tasks...
         Starting Login to default iSCSI targets...
         Starting Docker Application Container Engine...
[[0;32m  OK  [0m] Started Authenticate and Authorize Users to Run Privileged Tasks.
[[0;32m  OK  [0m] Started Login to default iSCSI targets.
[[0;32m  OK  [0m] Started Accounts Service.
[[0;32m  OK  [0m] Reached target Remote File Systems (Pre).
[[0;32m  OK  [0m] Reached target Remote File Systems.
         Starting LSB: daemon to balance interrupts for SMP systems...
         Starting LSB: Set the CPU Frequency Scaling governor to "ondemand"...
         Starting LSB: automatic crash report generation...
         Starting Permit User Sessions...
[[0;32m  OK  [0m] Started Permit User Sessions.
         Starting Terminate Plymouth Boot Screen...
         Starting Hold until boot process finishes up...
[[0;32m  OK  [0m] Started Hold until boot process finishes up.
[[0;32m  OK  [0m] Started Terminate Plymouth Boot Screen.
[[0;32m  OK  [0m] Started Serial Getty on ttyS0.
         Starting Set console scheme...
[[0;32m  OK  [0m] Started Getty on tty1.
[[0;32m  OK  [0m] Reached target Login Prompts.
[[0;32m  OK  [0m] Started Virtualbox guest utils.
[[0;32m  OK  [0m] Started LSB: Set the CPU Frequency Scaling governor to "ondemand".
[[0;32m  OK  [0m] Started LSB: automatic crash report generation.
[[0;32m  OK  [0m] Started Set console scheme.
[[0;32m  OK  [0m] Started LXD - container startup/shutdown.
[[0;32m  OK  [0m] Started LSB: daemon to balance interrupts for SMP systems.
[[0;32m  OK  [0m] Started Snappy daemon.
         Starting Wait until snapd is fully seeded...
[[0;32m  OK  [0m] Started Wait until snapd is fully seeded.
         Starting Apply the settings specified in cloud-config...
[    7.898019] cloud-init[1234]: Cloud-init v. 18.5-45-g3554ffe8-0ubuntu1~16.04.1 running 'modules:config' at Wed, 01 May 2019 21:50:17 +0000. Up 7.78 seconds.
[[0;32m  OK  [0m] Started Apply the settings specified in cloud-config.
[[0;32m  OK  [0m] Started Docker Application Container Engine.
[[0;32m  OK  [0m] Reached target Multi-User System.
         Starting Execute cloud user/final scripts...
[[0;32m  OK  [0m] Reached target Graphical Interface.
         Starting Update UTMP about System Runlevel Changes...
[[0;32m  OK  [0m] Started Update UTMP about System Runlevel Changes.
[    8.513483] cloud-init[1478]: Cloud-init v. 18.5-45-g3554ffe8-0ubuntu1~16.04.1 running 'modules:final' at Wed, 01 May 2019 21:50:18 +0000. Up 8.41 seconds.
[    8.515135] cloud-init[1478]: Cloud-init v. 18.5-45-g3554ffe8-0ubuntu1~16.04.1 finished at Wed, 01 May 2019 21:50:18 +0000. Datasource DataSourceNoCloud [seed=/dev/sdb][dsmode=net].  Up 8.50 seconds
[[0;32m  OK  [0m] Started Execute cloud user/final scripts.
[[0;32m  OK  [0m] Reached target Cloud-init target.

Ubuntu 16.04.6 LTS ansible ttyS0

ansible login: [[0;32m  OK  [0m] Closed Load/Save RF Kill Switch Status /dev/rfkill Watch.
[[0;32m  OK  [0m] Stopped target Cloud-init target.
         Stopping ACPI event daemon...
         Stopping Session 4 of user vagrant.
[[0;32m  OK  [0m] Stopped target Timers.
[[0;32m  OK  [0m] Stopped Daily Cleanup of Temporary Directories.
         Stopping User Manager for UID 1000...
[[0;32m  OK  [0m] Stopped target Graphical Interface.
         Stopping Accounts Service...
         Stopping Authenticate and Authorize Users to Run Privileged Tasks...
[[0;32m  OK  [0m] Stopped Daily apt upgrade and clean activities.
[[0;32m  OK  [0m] Stopped Daily apt download activities.
[[0;32m  OK  [0m] Stopped target System Time Synchronized.
[[0;32m  OK  [0m] Stopped Execute cloud user/final scripts.
[[0;32m  OK  [0m] Stopped Apply the settings specified in cloud-config.
[[0;32m  OK  [0m] Stopped target Cloud-config availability.
[[0;32m  OK  [0m] Stopped target Multi-User System.
         Stopping LSB: Set the CPU Frequency Scaling governor to "ondemand"...
         Stopping Docker Application Container Engine...
         Stopping Deferred execution scheduler...
         Stopping LXD - container startup/shutdown...
[[0;32m  OK  [0m] Stopped Wait until snapd is fully seeded.
         Stopping LSB: daemon to balance interrupts for SMP systems...
         Stopping OpenBSD Secure Shell server...
         Stopping D-Bus System Message Bus...
         Stopping Virtualbox guest utils...
         Stopping System Logging Service...
         Stopping LSB: MD monitoring daemon...
         Stopping LSB: Record successful boot for GRUB...
         Stopping FUSE filesystem for LXC...
         Stopping Regular background program processing daemon...
         Stopping Unattended Upgrades Shutdown...
[[0;32m  OK  [0m] Stopped target Login Prompts.
         Stopping Getty on tty1...
         Stopping Serial Getty on ttyS0...
         Stopping LSB: automatic crash report generation...
[[0;32m  OK  [0m] Unmounted /var/lib/lxcfs.
[[0;32m  OK  [0m] Stopped ACPI event daemon.
[[0;32m  OK  [0m] Stopped Accounts Service.
[[0;32m  OK  [0m] Stopped System Logging Service.
[[0;32m  OK  [0m] Stopped Deferred execution scheduler.
[[0;32m  OK  [0m] Stopped Regular background program processing daemon.
[[0;32m  OK  [0m] Stopped OpenBSD Secure Shell server.
[[0;32m  OK  [0m] Stopped Authenticate and Authorize Users to Run Privileged Tasks.
[[0;32m  OK  [0m] Stopped Serial Getty on ttyS0.
[[0;32m  OK  [0m] Stopped Getty on tty1.
[[0;32m  OK  [0m] Stopped User Manager for UID 1000.
[[0;32m  OK  [0m] Stopped Session 4 of user vagrant.
[[0;32m  OK  [0m] Stopped D-Bus System Message Bus.
[[0;32m  OK  [0m] Stopped FUSE filesystem for LXC.
[[0;32m  OK  [0m] Stopped LXD - container startup/shutdown.
[[0;32m  OK  [0m] Stopped LSB: Set the CPU Frequency Scaling governor to "ondemand".
[[0;32m  OK  [0m] Stopped Unattended Upgrades Shutdown.
[[0;32m  OK  [0m] Stopped LSB: daemon to balance interrupts for SMP systems.
[[0;32m  OK  [0m] Stopped LSB: MD monitoring daemon.
[[0;32m  OK  [0m] Stopped LSB: Record successful boot for GRUB.
[[0;32m  OK  [0m] Stopped LSB: automatic crash report generation.
[[0;32m  OK  [0m] Stopped Virtualbox guest utils.
[[0;32m  OK  [0m] Removed slice User Slice of vagrant.
         Stopping Login Service...
[[0;32m  OK  [0m] Removed slice system-getty.slice.
         Stopping Permit User Sessions...
[[0;32m  OK  [0m] Removed slice system-serial\x2dgetty.slice.
[[0;32m  OK  [0m] Stopped /etc/rc.local Compatibility.
[[0;32m  OK  [0m] Stopped Permit User Sessions.
[[0;32m  OK  [0m] Stopped target Remote File Systems.
[[0;32m  OK  [0m] Stopped target Remote File Systems (Pre).
         Stopping Login to default iSCSI targets...
[[0;32m  OK  [0m] Stopped Login to default iSCSI targets.
         Stopping iSCSI initiator daemon (iscsid)...
[[0;32m  OK  [0m] Stopped iSCSI initiator daemon (iscsid).
[[0;32m  OK  [0m] Stopped Login Service.
[[0;32m  OK  [0m] Stopped target User and Group Name Lookups.
[[0;32m  OK  [0m] Unmounted /run/docker/netns/b3a87daf4e1c.
[[0;32m  OK  [0m] Unmounted /var/lib/docker/container...2dcd0c061d1b90a92f75/mounts/shm.
[[0;32m  OK  [0m] Unmounted /var/lib/docker/overlay2/...b52b26f022acf3c466024dca/merged.
[[0;32m  OK  [0m] Stopped Docker Application Container Engine.
[[0;32m  OK  [0m] Stopped target Network is Online.
         Stopping containerd container runtime...
[[0;32m  OK  [0m] Stopped containerd container runtime.
[[0;32m  OK  [0m] Stopped target Network.
[[0;32m  OK  [0m] Stopped target Basic System.
[[0;32m  OK  [0m] Stopped target Slices.
[[0;32m  OK  [0m] Removed slice User and Session Slice.
[[0;32m  OK  [0m] Stopped target Paths.
[[0;32m  OK  [0m] Stopped Dispatch Password Requests to Console Directory Watch.
[[0;32m  OK  [0m] Stopped ACPI Events Check.
[[0;32m  OK  [0m] Stopped Forward Password Requests to Wall Directory Watch.
[[0;32m  OK  [0m] Stopped target Sockets.
[[0;32m  OK  [0m] Closed ACPID Listen Socket.
[[0;32m  OK  [0m] Closed Syslog Socket.
[[0;32m  OK  [0m] Closed Socket activation for snappy daemon.
[[0;32m  OK  [0m] Closed LXD - unix socket.
[[0;32m  OK  [0m] Closed D-Bus System Message Bus Socket.
[[0;32m  OK  [0m] Closed Docker Socket for the API.
[[0;32m  OK  [0m] Closed UUID daemon activation socket.
[[0;32m  OK  [0m] Stopped target System Initialization.
[[0;32m  OK  [0m] Stopped target Swap.
         Stopping Update UTMP about System Boot/Shutdown...
[[0;32m  OK  [0m] Stopped target Encrypted Volumes.
[[0;32m  OK  [0m] Stopped Initial cloud-init job (metadata service crawler).
         Stopping Raise network interfaces...
         Stopping Load/Save Random Seed...
[[0;32m  OK  [0m] Stopped Load/Save Random Seed.
[[0;32m  OK  [0m] Stopped Update UTMP about System Boot/Shutdown.
[[0;32m  OK  [0m] Stopped Create Volatile Files and Directories.
[[0;32m  OK  [0m] Stopped Raise network interfaces.
[[0;32m  OK  [0m] Stopped target Network (Pre).
[[0;32m  OK  [0m] Stopped Initial cloud-init job (pre-networking).
[[0;32m  OK  [0m] Stopped target Local File Systems.
         Unmounting /run/user/1000...
         Unmounting /vagrant...
[[0;32m  OK  [0m] Stopped Apply Kernel Variables.
[[0;32m  OK  [0m] Stopped Load Kernel Modules.
[[0;32m  OK  [0m] Unmounted /run/user/1000.
[[0;32m  OK  [0m] Unmounted /vagrant.
[[0;32m  OK  [0m] Reached target Unmount All Filesystems.
[[0;32m  OK  [0m] Stopped target Local File Systems (Pre).
[[0;32m  OK  [0m] Stopped Create Static Device Nodes in /dev.
         Stopping Monitoring of LVM2 mirrors... dmeventd or progress polling...
[[0;32m  OK  [0m] Stopped Remount Root and Kernel File Systems.
[[0;32m  OK  [0m] Reached target Shutdown.
[ 3007.515172] reboot: Power down
